<?xml version="1.0" encoding="UTF-8"?>
<testng-results ignored="0" total="1" passed="1" failed="0" skipped="0">
  <reporter-output>
  </reporter-output>
  <suite started-at="2026-05-25T23:12:02 IST" name="Default suite" finished-at="2026-05-25T23:13:16 IST" duration-ms="73994">
    <groups>
    </groups>
    <test started-at="2026-05-25T23:12:02 IST" name="Default test" finished-at="2026-05-25T23:13:16 IST" duration-ms="73994">
      <class name="com.webautomation.tests.iFramesTest">
        <test-method is-config="true" signature="setUp()[pri:0, instance:com.webautomation.tests.iFramesTest@2925bf5b]" started-at="2026-05-25T23:12:02 IST" name="setUp" finished-at="2026-05-25T23:12:10 IST" duration-ms="8563" status="PASS">
          <reporter-output>
          </reporter-output>
        </test-method> <!-- setUp -->
        <test-method signature="Launchurl()[pri:0, instance:com.webautomation.tests.iFramesTest@2925bf5b]" started-at="2026-05-25T23:12:10 IST" name="Launchurl" finished-at="2026-05-25T23:13:14 IST" duration-ms="63328" status="PASS">
          <reporter-output>
          </reporter-output>
        </test-method> <!-- Launchurl -->
        <test-method is-config="true" signature="tearDown()[pri:0, instance:com.webautomation.tests.iFramesTest@2925bf5b]" started-at="2026-05-25T23:13:14 IST" name="tearDown" finished-at="2026-05-25T23:13:16 IST" duration-ms="2037" status="PASS">
          <reporter-output>
          </reporter-output>
        </test-method> <!-- tearDown -->
      </class> <!-- com.webautomation.tests.iFramesTest -->
    </test> <!-- Default test -->
  </suite> <!-- Default suite -->
</testng-results>
